<?xml version="1.0" encoding="UTF-8"?>
<!-- Generated by org.testng.reporters.JUnitXMLReporter -->
<testsuite ignored="2" hostname="DESKTOP-1UIQG5E" failures="0" tests="3" name="Test" time="0.059" errors="0" timestamp="2023-07-11T09:08:59 IST">
  <testcase classname="TestNGGrouping.Groups" name="test1" time="0.01"/>
  <testcase classname="TestNGGrouping.Groups" name="test3" time="0.001"/>
  <testcase classname="TestNGGrouping.Groups" name="test5" time="0.001"/>
  <testcase classname="TestNGGrouping.Groups" name="test2" time="0.0">
    <ignored/>
  </testcase> <!-- test2 -->
  <testcase classname="TestNGGrouping.Groups" name="test4" time="0.0">
    <ignored/>
  </testcase> <!-- test4 -->
</testsuite> <!-- Test -->
