<?xml version="1.0" encoding="UTF-8"?>
<testng-results ignored="0" total="1" passed="1" failed="0" skipped="0">
  <reporter-output>
  </reporter-output>
  <suite started-at="2023-07-21T16:17:11 IST" name="Default suite" finished-at="2023-07-21T16:17:33 IST" duration-ms="22370">
    <groups>
    </groups>
    <test started-at="2023-07-21T16:17:11 IST" name="Default test" finished-at="2023-07-21T16:17:33 IST" duration-ms="22370">
      <class name="Robot.Roboteg">
        <test-method signature="Robot()[pri:0, instance:Robot.Roboteg@3012646b]" started-at="2023-07-21T16:17:11 IST" name="Robot" finished-at="2023-07-21T16:17:33 IST" duration-ms="22345" status="PASS">
          <reporter-output>
          </reporter-output>
        </test-method> <!-- Robot -->
      </class> <!-- Robot.Roboteg -->
    </test> <!-- Default test -->
  </suite> <!-- Default suite -->
</testng-results>
